2017-11-21 00:02:24,557 INFO  [org.eclim.eclipse.EclimDaemon] Workspace: /home/rob/AndroidStudioProjects/Aularm
2017-11-21 00:02:24,577 INFO  [org.eclim.eclipse.EclimDaemon] Home: /usr/lib/eclipse/plugins/org.eclim_2.7.0/
2017-11-21 00:02:24,580 INFO  [org.eclim.eclipse.EclimDaemon] Starting eclim...
2017-11-21 00:02:24,590 INFO  [org.eclim.eclipse.EclimDaemon] Loading plugin org.eclim
2017-11-21 00:02:24,596 INFO  [org.eclim.eclipse.EclimDaemon] Loading plugin org.eclim.core
2017-11-21 00:02:24,749 INFO  [org.eclim.plugin.core.CorePlugin] Loading eclim plugins...
2017-11-21 00:02:24,773 INFO  [org.eclim.plugin.core.CorePlugin] Loading plugin org.eclim.jdt
2017-11-21 00:02:24,800 INFO  [org.eclim.plugin.core.CorePlugin] Plugins loaded.
2017-11-21 00:02:24,804 INFO  [org.eclim.eclipse.EclimDaemon] Loaded plugin org.eclim.core
2017-11-21 00:02:24,805 INFO  [org.eclim.eclipse.EclimDaemon] Waiting on running jobs before starting eclimd...
2017-11-21 00:02:33,813 INFO  [org.eclim.eclipse.EclimDaemon] Jobs finished.
2017-11-21 00:02:33,813 INFO  [org.eclim.eclipse.EclimDaemon] Eclim Server Started on: 127.0.0.1:9091
2017-11-21 00:03:07,349 ERROR [org.eclim.command.Main] Command failed
java.lang.IllegalArgumentException: Source file 'FirebaseHelper.java' not found in any of the project's designated source directories defined in the project's .classpath file.
	at org.eclim.plugin.jdt.util.JavaUtils.getCompilationUnit(JavaUtils.java:226)
	at org.eclim.plugin.jdt.util.JavaUtils.getCompilationUnit(JavaUtils.java:180)
	at org.eclim.plugin.jdt.command.complete.CodeCompleteCommand.getCompletionResults(CodeCompleteCommand.java:86)
	at org.eclim.plugin.core.command.complete.AbstractCodeCompleteCommand.execute(AbstractCodeCompleteCommand.java:63)
	at org.eclim.command.Main$1.run(Main.java:100)
	at org.eclipse.swt.widgets.RunnableLock.run(RunnableLock.java:37)
	at org.eclipse.swt.widgets.Synchronizer.runAsyncMessages(Synchronizer.java:182)
	at org.eclipse.swt.widgets.Display.runAsyncMessages(Display.java:4497)
	at org.eclipse.swt.widgets.Display.readAndDispatch(Display.java:4110)
	at org.eclipse.e4.ui.internal.workbench.swt.PartRenderingEngine$5.run(PartRenderingEngine.java:1150)
	at org.eclipse.core.databinding.observable.Realm.runWithDefault(Realm.java:336)
	at org.eclipse.e4.ui.internal.workbench.swt.PartRenderingEngine.run(PartRenderingEngine.java:1039)
	at org.eclipse.e4.ui.internal.workbench.E4Workbench.createAndRunUI(E4Workbench.java:153)
	at org.eclipse.ui.internal.Workbench.lambda$3(Workbench.java:680)
	at org.eclipse.core.databinding.observable.Realm.runWithDefault(Realm.java:336)
	at org.eclipse.ui.internal.Workbench.createAndRunWorkbench(Workbench.java:594)
	at org.eclipse.ui.PlatformUI.createAndRunWorkbench(PlatformUI.java:148)
	at org.eclipse.ui.internal.ide.application.IDEApplication.start(IDEApplication.java:151)
	at org.eclim.eclipse.EclimApplication.start(EclimApplication.java:128)
	at org.eclipse.equinox.internal.app.EclipseAppHandle.run(EclipseAppHandle.java:196)
	at org.eclipse.core.runtime.internal.adaptor.EclipseAppLauncher.runApplication(EclipseAppLauncher.java:134)
	at org.eclipse.core.runtime.internal.adaptor.EclipseAppLauncher.start(EclipseAppLauncher.java:104)
	at org.eclipse.core.runtime.adaptor.EclipseStarter.run(EclipseStarter.java:388)
	at org.eclipse.core.runtime.adaptor.EclipseStarter.run(EclipseStarter.java:243)
	at sun.reflect.NativeMethodAccessorImpl.invoke0(Native Method)
	at sun.reflect.NativeMethodAccessorImpl.invoke(NativeMethodAccessorImpl.java:62)
	at sun.reflect.DelegatingMethodAccessorImpl.invoke(DelegatingMethodAccessorImpl.java:43)
	at java.lang.reflect.Method.invoke(Method.java:498)
	at org.eclipse.equinox.launcher.Main.invokeFramework(Main.java:653)
	at org.eclipse.equinox.launcher.Main.basicRun(Main.java:590)
	at org.eclipse.equinox.launcher.Main.run(Main.java:1499)
	at org.eclipse.equinox.launcher.Main.main(Main.java:1472)
2017-11-21 00:03:08,377 ERROR [org.eclim.command.Main] Command failed
java.lang.IllegalArgumentException: Source file 'FirebaseHelper.java' not found in any of the project's designated source directories defined in the project's .classpath file.
	at org.eclim.plugin.jdt.util.JavaUtils.getCompilationUnit(JavaUtils.java:226)
	at org.eclim.plugin.jdt.util.JavaUtils.getCompilationUnit(JavaUtils.java:180)
	at org.eclim.plugin.jdt.command.complete.CodeCompleteCommand.getCompletionResults(CodeCompleteCommand.java:86)
	at org.eclim.plugin.core.command.complete.AbstractCodeCompleteCommand.execute(AbstractCodeCompleteCommand.java:63)
	at org.eclim.command.Main$1.run(Main.java:100)
	at org.eclipse.swt.widgets.RunnableLock.run(RunnableLock.java:37)
	at org.eclipse.swt.widgets.Synchronizer.runAsyncMessages(Synchronizer.java:182)
	at org.eclipse.swt.widgets.Display.runAsyncMessages(Display.java:4497)
	at org.eclipse.swt.widgets.Display.readAndDispatch(Display.java:4110)
	at org.eclipse.e4.ui.internal.workbench.swt.PartRenderingEngine$5.run(PartRenderingEngine.java:1150)
	at org.eclipse.core.databinding.observable.Realm.runWithDefault(Realm.java:336)
	at org.eclipse.e4.ui.internal.workbench.swt.PartRenderingEngine.run(PartRenderingEngine.java:1039)
	at org.eclipse.e4.ui.internal.workbench.E4Workbench.createAndRunUI(E4Workbench.java:153)
	at org.eclipse.ui.internal.Workbench.lambda$3(Workbench.java:680)
	at org.eclipse.core.databinding.observable.Realm.runWithDefault(Realm.java:336)
	at org.eclipse.ui.internal.Workbench.createAndRunWorkbench(Workbench.java:594)
	at org.eclipse.ui.PlatformUI.createAndRunWorkbench(PlatformUI.java:148)
	at org.eclipse.ui.internal.ide.application.IDEApplication.start(IDEApplication.java:151)
	at org.eclim.eclipse.EclimApplication.start(EclimApplication.java:128)
	at org.eclipse.equinox.internal.app.EclipseAppHandle.run(EclipseAppHandle.java:196)
	at org.eclipse.core.runtime.internal.adaptor.EclipseAppLauncher.runApplication(EclipseAppLauncher.java:134)
	at org.eclipse.core.runtime.internal.adaptor.EclipseAppLauncher.start(EclipseAppLauncher.java:104)
	at org.eclipse.core.runtime.adaptor.EclipseStarter.run(EclipseStarter.java:388)
	at org.eclipse.core.runtime.adaptor.EclipseStarter.run(EclipseStarter.java:243)
	at sun.reflect.NativeMethodAccessorImpl.invoke0(Native Method)
	at sun.reflect.NativeMethodAccessorImpl.invoke(NativeMethodAccessorImpl.java:62)
	at sun.reflect.DelegatingMethodAccessorImpl.invoke(DelegatingMethodAccessorImpl.java:43)
	at java.lang.reflect.Method.invoke(Method.java:498)
	at org.eclipse.equinox.launcher.Main.invokeFramework(Main.java:653)
	at org.eclipse.equinox.launcher.Main.basicRun(Main.java:590)
	at org.eclipse.equinox.launcher.Main.run(Main.java:1499)
	at org.eclipse.equinox.launcher.Main.main(Main.java:1472)
2017-11-21 00:03:13,583 ERROR [org.eclim.command.Main] Command failed
java.lang.IllegalArgumentException: Source file 'FirebaseHelper.java' not found in any of the project's designated source directories defined in the project's .classpath file.
	at org.eclim.plugin.jdt.util.JavaUtils.getCompilationUnit(JavaUtils.java:226)
	at org.eclim.plugin.jdt.util.JavaUtils.getCompilationUnit(JavaUtils.java:180)
	at org.eclim.plugin.jdt.command.complete.CodeCompleteCommand.getCompletionResults(CodeCompleteCommand.java:86)
	at org.eclim.plugin.core.command.complete.AbstractCodeCompleteCommand.execute(AbstractCodeCompleteCommand.java:63)
	at org.eclim.command.Main$1.run(Main.java:100)
	at org.eclipse.swt.widgets.RunnableLock.run(RunnableLock.java:37)
	at org.eclipse.swt.widgets.Synchronizer.runAsyncMessages(Synchronizer.java:182)
	at org.eclipse.swt.widgets.Display.runAsyncMessages(Display.java:4497)
	at org.eclipse.swt.widgets.Display.readAndDispatch(Display.java:4110)
	at org.eclipse.e4.ui.internal.workbench.swt.PartRenderingEngine$5.run(PartRenderingEngine.java:1150)
	at org.eclipse.core.databinding.observable.Realm.runWithDefault(Realm.java:336)
	at org.eclipse.e4.ui.internal.workbench.swt.PartRenderingEngine.run(PartRenderingEngine.java:1039)
	at org.eclipse.e4.ui.internal.workbench.E4Workbench.createAndRunUI(E4Workbench.java:153)
	at org.eclipse.ui.internal.Workbench.lambda$3(Workbench.java:680)
	at org.eclipse.core.databinding.observable.Realm.runWithDefault(Realm.java:336)
	at org.eclipse.ui.internal.Workbench.createAndRunWorkbench(Workbench.java:594)
	at org.eclipse.ui.PlatformUI.createAndRunWorkbench(PlatformUI.java:148)
	at org.eclipse.ui.internal.ide.application.IDEApplication.start(IDEApplication.java:151)
	at org.eclim.eclipse.EclimApplication.start(EclimApplication.java:128)
	at org.eclipse.equinox.internal.app.EclipseAppHandle.run(EclipseAppHandle.java:196)
	at org.eclipse.core.runtime.internal.adaptor.EclipseAppLauncher.runApplication(EclipseAppLauncher.java:134)
	at org.eclipse.core.runtime.internal.adaptor.EclipseAppLauncher.start(EclipseAppLauncher.java:104)
	at org.eclipse.core.runtime.adaptor.EclipseStarter.run(EclipseStarter.java:388)
	at org.eclipse.core.runtime.adaptor.EclipseStarter.run(EclipseStarter.java:243)
	at sun.reflect.NativeMethodAccessorImpl.invoke0(Native Method)
	at sun.reflect.NativeMethodAccessorImpl.invoke(NativeMethodAccessorImpl.java:62)
	at sun.reflect.DelegatingMethodAccessorImpl.invoke(DelegatingMethodAccessorImpl.java:43)
	at java.lang.reflect.Method.invoke(Method.java:498)
	at org.eclipse.equinox.launcher.Main.invokeFramework(Main.java:653)
	at org.eclipse.equinox.launcher.Main.basicRun(Main.java:590)
	at org.eclipse.equinox.launcher.Main.run(Main.java:1499)
	at org.eclipse.equinox.launcher.Main.main(Main.java:1472)
2017-11-21 00:03:16,838 ERROR [org.eclim.command.Main] Command failed
java.lang.IllegalArgumentException: Source file 'FirebaseHelper.java' not found in any of the project's designated source directories defined in the project's .classpath file.
	at org.eclim.plugin.jdt.util.JavaUtils.getCompilationUnit(JavaUtils.java:226)
	at org.eclim.plugin.jdt.util.JavaUtils.getCompilationUnit(JavaUtils.java:180)
	at org.eclim.plugin.jdt.command.complete.CodeCompleteCommand.getCompletionResults(CodeCompleteCommand.java:86)
	at org.eclim.plugin.core.command.complete.AbstractCodeCompleteCommand.execute(AbstractCodeCompleteCommand.java:63)
	at org.eclim.command.Main$1.run(Main.java:100)
	at org.eclipse.swt.widgets.RunnableLock.run(RunnableLock.java:37)
	at org.eclipse.swt.widgets.Synchronizer.runAsyncMessages(Synchronizer.java:182)
	at org.eclipse.swt.widgets.Display.runAsyncMessages(Display.java:4497)
	at org.eclipse.swt.widgets.Display.readAndDispatch(Display.java:4110)
	at org.eclipse.e4.ui.internal.workbench.swt.PartRenderingEngine$5.run(PartRenderingEngine.java:1150)
	at org.eclipse.core.databinding.observable.Realm.runWithDefault(Realm.java:336)
	at org.eclipse.e4.ui.internal.workbench.swt.PartRenderingEngine.run(PartRenderingEngine.java:1039)
	at org.eclipse.e4.ui.internal.workbench.E4Workbench.createAndRunUI(E4Workbench.java:153)
	at org.eclipse.ui.internal.Workbench.lambda$3(Workbench.java:680)
	at org.eclipse.core.databinding.observable.Realm.runWithDefault(Realm.java:336)
	at org.eclipse.ui.internal.Workbench.createAndRunWorkbench(Workbench.java:594)
	at org.eclipse.ui.PlatformUI.createAndRunWorkbench(PlatformUI.java:148)
	at org.eclipse.ui.internal.ide.application.IDEApplication.start(IDEApplication.java:151)
	at org.eclim.eclipse.EclimApplication.start(EclimApplication.java:128)
	at org.eclipse.equinox.internal.app.EclipseAppHandle.run(EclipseAppHandle.java:196)
	at org.eclipse.core.runtime.internal.adaptor.EclipseAppLauncher.runApplication(EclipseAppLauncher.java:134)
	at org.eclipse.core.runtime.internal.adaptor.EclipseAppLauncher.start(EclipseAppLauncher.java:104)
	at org.eclipse.core.runtime.adaptor.EclipseStarter.run(EclipseStarter.java:388)
	at org.eclipse.core.runtime.adaptor.EclipseStarter.run(EclipseStarter.java:243)
	at sun.reflect.NativeMethodAccessorImpl.invoke0(Native Method)
	at sun.reflect.NativeMethodAccessorImpl.invoke(NativeMethodAccessorImpl.java:62)
	at sun.reflect.DelegatingMethodAccessorImpl.invoke(DelegatingMethodAccessorImpl.java:43)
	at java.lang.reflect.Method.invoke(Method.java:498)
	at org.eclipse.equinox.launcher.Main.invokeFramework(Main.java:653)
	at org.eclipse.equinox.launcher.Main.basicRun(Main.java:590)
	at org.eclipse.equinox.launcher.Main.run(Main.java:1499)
	at org.eclipse.equinox.launcher.Main.main(Main.java:1472)
2017-11-21 00:04:17,075 INFO  [org.eclim.eclipse.EclimDaemon] Shutting down eclim...
2017-11-21 00:04:17,086 INFO  [org.eclim.eclipse.EclimDaemon] Stopping plugin org.eclim.core
2017-11-21 00:04:17,092 INFO  [org.eclim.plugin.core.CorePlugin] Stopping plugin org.eclim.jdt
2017-11-21 00:04:17,103 INFO  [org.eclim.eclipse.EclimDaemon] Eclim stopped.
